0 info it worked if it ends with ok
1 verbose cli [ '/usr/local/bin/node',
1 verbose cli   '/usr/local/bin/npm',
1 verbose cli   'install',
1 verbose cli   'appbase',
1 verbose cli   '--save' ]
2 info using npm@1.4.28
3 info using node@v0.10.33
4 warn package.json decoup@0.1.0 No repository field.
5 verbose readDependencies using package.json deps
6 verbose cache add [ 'appbase', null ]
7 verbose cache add name=undefined spec="appbase" args=["appbase",null]
8 verbose parsed url { protocol: null,
8 verbose parsed url   slashes: null,
8 verbose parsed url   auth: null,
8 verbose parsed url   host: null,
8 verbose parsed url   port: null,
8 verbose parsed url   hostname: null,
8 verbose parsed url   hash: null,
8 verbose parsed url   search: null,
8 verbose parsed url   query: null,
8 verbose parsed url   pathname: 'appbase',
8 verbose parsed url   path: 'appbase',
8 verbose parsed url   href: 'appbase' }
9 silly lockFile d0367dae-appbase appbase
10 verbose lock appbase /Users/developer/.npm/d0367dae-appbase.lock
11 silly lockFile d0367dae-appbase appbase
12 silly lockFile d0367dae-appbase appbase
13 verbose addNamed [ 'appbase', '' ]
14 verbose addNamed [ null, '*' ]
15 silly lockFile e3113a76-appbase appbase@
16 verbose lock appbase@ /Users/developer/.npm/e3113a76-appbase.lock
17 silly addNameRange { name: 'appbase', range: '*', hasData: false }
18 verbose request where is /appbase
19 verbose request registry https://registry.npmjs.org/
20 verbose request id 357003ce9cd0472d
21 verbose url raw /appbase
22 verbose url resolving [ 'https://registry.npmjs.org/', './appbase' ]
23 verbose url resolved https://registry.npmjs.org/appbase
24 verbose request where is https://registry.npmjs.org/appbase
25 info trying registry request attempt 1 at 16:31:11
26 http GET https://registry.npmjs.org/appbase
27 http 404 https://registry.npmjs.org/appbase
28 verbose headers { date: 'Wed, 07 Jan 2015 18:31:13 GMT',
28 verbose headers   server: 'CouchDB/1.5.0 (Erlang OTP/R16B03)',
28 verbose headers   'content-type': 'application/json',
28 verbose headers   'cache-control': 'max-age=0',
28 verbose headers   'content-length': '52',
28 verbose headers   'accept-ranges': 'bytes',
28 verbose headers   via: '1.1 varnish',
28 verbose headers   age: '0',
28 verbose headers   'x-served-by': 'cache-atl6223-ATL',
28 verbose headers   'x-cache': 'MISS',
28 verbose headers   'x-cache-hits': '0',
28 verbose headers   'x-timer': 'S1420655472.924930,VS0,VE282',
28 verbose headers   'keep-alive': 'timeout=10, max=50',
28 verbose headers   connection: 'Keep-Alive' }
29 silly registry.get cb [ 404,
29 silly registry.get   { date: 'Wed, 07 Jan 2015 18:31:13 GMT',
29 silly registry.get     server: 'CouchDB/1.5.0 (Erlang OTP/R16B03)',
29 silly registry.get     'content-type': 'application/json',
29 silly registry.get     'cache-control': 'max-age=0',
29 silly registry.get     'content-length': '52',
29 silly registry.get     'accept-ranges': 'bytes',
29 silly registry.get     via: '1.1 varnish',
29 silly registry.get     age: '0',
29 silly registry.get     'x-served-by': 'cache-atl6223-ATL',
29 silly registry.get     'x-cache': 'MISS',
29 silly registry.get     'x-cache-hits': '0',
29 silly registry.get     'x-timer': 'S1420655472.924930,VS0,VE282',
29 silly registry.get     'keep-alive': 'timeout=10, max=50',
29 silly registry.get     connection: 'Keep-Alive' } ]
30 silly lockFile e3113a76-appbase appbase@
31 silly lockFile e3113a76-appbase appbase@
32 error 404 404 Not Found: appbase
32 error 404
32 error 404 'appbase' is not in the npm registry.
32 error 404 You should bug the author to publish it
32 error 404 It was specified as a dependency of 'decoup'
32 error 404
32 error 404 Note that you can also install from a
32 error 404 tarball, folder, or http url, or git url.
33 error System Darwin 14.0.0
34 error command "/usr/local/bin/node" "/usr/local/bin/npm" "install" "appbase" "--save"
35 error cwd /Users/developer/lab/decoup
36 error node -v v0.10.33
37 error npm -v 1.4.28
38 error code E404
39 verbose exit [ 1, true ]
